MagTrainingBulkUpload1/build/intermediates/manifest_merge_blame_file/debug/manifest-merger-blame-debug-report.txt
1<?xml version="1.0" encoding="utf-8"?>
2<manifest xmlns:android="http://schemas.android.com/apk/res/android"
3    package="com.brcm.apim.magtraining"
4    android:sharedUserId="com.brcm.mas.singlesignonsample.shared"
5    android:sharedUserLabel="@string/sharedUserLabel"
6    android:versionCode="1"
7    android:versionName="1.0" >
8
9    <uses-sdk
10        android:minSdkVersion="19"
10-->src/main/AndroidManifest.xml
11        android:targetSdkVersion="29" />
11-->src/main/AndroidManifest.xml
12
13    <uses-permission android:name="android.permission.ACCESS_COARSE_LOCATION" />
13-->src/main/AndroidManifest.xml:7:5-80
13-->src/main/AndroidManifest.xml:7:22-78
14    <uses-permission android:name="android.permission.READ_PHONE_STATE" />
14-->src/main/AndroidManifest.xml:8:5-74
14-->src/main/AndroidManifest.xml:8:22-72
15    <uses-permission android:name="android.permission.ACCESS_FINE_LOCATION" />
15-->src/main/AndroidManifest.xml:9:5-79
15-->src/main/AndroidManifest.xml:9:22-76
16    <uses-permission android:name="android.permission.BLUETOOTH" />
16-->src/main/AndroidManifest.xml:10:5-68
16-->src/main/AndroidManifest.xml:10:22-65
17    <uses-permission android:name="android.permission.BLUETOOTH_ADMIN" />
17-->src/main/AndroidManifest.xml:11:5-74
17-->src/main/AndroidManifest.xml:11:22-71
18    <uses-permission android:name="android.permission.INTERNET" />
18-->src/main/AndroidManifest.xml:12:5-67
18-->src/main/AndroidManifest.xml:12:22-64
19    <uses-permission android:name="android.permission.NFC" />
19-->src/main/AndroidManifest.xml:13:5-62
19-->src/main/AndroidManifest.xml:13:22-59
20    <uses-permission android:name="android.permission.ACCESS_NETWORK_STATE" />
20-->src/main/AndroidManifest.xml:14:5-79
20-->src/main/AndroidManifest.xml:14:22-76
21    <uses-permission android:name="android.permission.WRITE_EXTERNAL_STORAGE" />
21-->src/main/AndroidManifest.xml:15:5-81
21-->src/main/AndroidManifest.xml:15:22-78
22    <uses-permission android:name="android.permission.READ_EXTERNAL_STORAGE" />
22-->src/main/AndroidManifest.xml:16:5-80
22-->src/main/AndroidManifest.xml:16:22-77
23    <uses-permission android:name="android.permission.CAMERA" />
23-->src/main/AndroidManifest.xml:17:5-65
23-->src/main/AndroidManifest.xml:17:22-62
24
25    <uses-feature
25-->src/main/AndroidManifest.xml:19:5-20:35
26        android:name="android.hardware.camera"
26-->src/main/AndroidManifest.xml:19:19-57
27        android:required="true" />
27-->src/main/AndroidManifest.xml:20:9-32
28
29    <uses-permission android:name="android.permission.WAKE_LOCK" />
29-->[com.ca:mas-connecta:2.1.00] AndroidManifest.xml:12:5-68
29-->[com.ca:mas-connecta:2.1.00] AndroidManifest.xml:12:22-65
30    <uses-permission
30-->[com.ca:mas-foundation:2.1.00] AndroidManifest.xml:18:5-20:38
31        android:name="android.permission.AUTHENTICATE_ACCOUNTS"
31-->[com.ca:mas-foundation:2.1.00] AndroidManifest.xml:19:9-64
32        android:maxSdkVersion="22" />
32-->[com.ca:mas-foundation:2.1.00] AndroidManifest.xml:20:9-35
33    <uses-permission
33-->[com.ca:mas-foundation:2.1.00] AndroidManifest.xml:21:5-23:38
34        android:name="android.permission.GET_ACCOUNTS"
34-->[com.ca:mas-foundation:2.1.00] AndroidManifest.xml:22:9-55
35        android:maxSdkVersion="22" />
35-->[com.ca:mas-foundation:2.1.00] AndroidManifest.xml:23:9-35
36
37    <application
37-->src/main/AndroidManifest.xml:22:5-60:19
38        android:allowBackup="true"
38-->src/main/AndroidManifest.xml:23:9-35
39        android:appComponentFactory="androidx.core.app.CoreComponentFactory"
39-->[androidx.core:core:1.1.0] AndroidManifest.xml:24:18-86
40        android:debuggable="true"
41        android:icon="@mipmap/ic_launcher"
41-->src/main/AndroidManifest.xml:24:9-43
42        android:label="@string/app_name"
42-->src/main/AndroidManifest.xml:25:9-41
43        android:roundIcon="@mipmap/ic_launcher_round"
43-->src/main/AndroidManifest.xml:26:9-54
44        android:supportsRtl="true"
44-->src/main/AndroidManifest.xml:27:9-35
45        android:theme="@style/AppTheme" >
45-->src/main/AndroidManifest.xml:28:9-40
46        <activity android:name="com.brcm.apim.magtraining.MainActivity" >
46-->src/main/AndroidManifest.xml:29:9-35:20
46-->src/main/AndroidManifest.xml:29:19-47
47            <intent-filter>
47-->src/main/AndroidManifest.xml:30:13-34:29
48                <action android:name="android.intent.action.MAIN" />
48-->src/main/AndroidManifest.xml:31:17-69
48-->src/main/AndroidManifest.xml:31:25-66
49
50                <category android:name="android.intent.category.LAUNCHER" />
50-->src/main/AndroidManifest.xml:33:17-77
50-->src/main/AndroidManifest.xml:33:27-74
51            </intent-filter>
52        </activity>
53
54        <service
54-->src/main/AndroidManifest.xml:37:9-49:19
55            android:name="com.ca.mas.core.storage.sharedstorage.MASAuthenticatorService"
55-->src/main/AndroidManifest.xml:38:13-89
56            android:exported="false" >
56-->src/main/AndroidManifest.xml:39:13-37
57            <intent-filter>
57-->src/main/AndroidManifest.xml:40:13-42:29
58                <action android:name="android.accounts.AccountAuthenticator" />
58-->src/main/AndroidManifest.xml:41:17-80
58-->src/main/AndroidManifest.xml:41:25-77
59            </intent-filter>
60
61            <meta-data
61-->src/main/AndroidManifest.xml:43:13-45:55
62                android:name="account.name"
62-->src/main/AndroidManifest.xml:44:17-44
63                android:resource="@string/acc_name" />
63-->src/main/AndroidManifest.xml:45:17-52
64            <meta-data
64-->src/main/AndroidManifest.xml:46:13-48:57
65                android:name="android.accounts.AccountAuthenticator"
65-->src/main/AndroidManifest.xml:47:17-69
66                android:resource="@xml/authenticator" />
66-->src/main/AndroidManifest.xml:48:17-54
67        </service>
68
69        <provider
69-->src/main/AndroidManifest.xml:51:9-59:20
70            android:name="androidx.core.content.FileProvider"
70-->src/main/AndroidManifest.xml:52:13-62
71            android:authorities="com.brcm.apim.magtraining"
71-->src/main/AndroidManifest.xml:53:13-60
72            android:exported="false"
72-->src/main/AndroidManifest.xml:54:13-37
73            android:grantUriPermissions="true" >
73-->src/main/AndroidManifest.xml:55:13-47
74            <meta-data
74-->src/main/AndroidManifest.xml:56:13-58:64
75                android:name="android.support.FILE_PROVIDER_PATHS"
75-->src/main/AndroidManifest.xml:57:17-67
76                android:resource="@xml/file_paths" />
76-->src/main/AndroidManifest.xml:58:17-51
77        </provider>
78
79        <service android:name="org.eclipse.paho.android.service.MqttService" />
79-->[com.ca:mas-connecta:2.1.00] AndroidManifest.xml:19:9-80
79-->[com.ca:mas-connecta:2.1.00] AndroidManifest.xml:19:18-77
80
81        <activity
81-->[com.ca:masui:2.1.00] AndroidManifest.xml:23:9-26:54
82            android:name="com.ca.mas.ui.MASEnterpriseWebApplicationActivity"
82-->[com.ca:masui:2.1.00] AndroidManifest.xml:24:13-77
83            android:exported="false"
83-->[com.ca:masui:2.1.00] AndroidManifest.xml:25:13-37
84            android:theme="@style/Theme.AppCompat" />
84-->[com.ca:masui:2.1.00] AndroidManifest.xml:26:13-51
85        <activity
85-->[com.ca:masui:2.1.00] AndroidManifest.xml:27:9-36:20
86            android:name="com.ca.mas.ui.MASSessionUnlockActivity"
86-->[com.ca:masui:2.1.00] AndroidManifest.xml:28:13-66
87            android:exported="false"
87-->[com.ca:masui:2.1.00] AndroidManifest.xml:29:13-37
88            android:theme="@style/Theme.AppCompat.Light.NoActionBar" >
88-->[com.ca:masui:2.1.00] AndroidManifest.xml:30:13-69
89            <intent-filter>
89-->[com.ca:masui:2.1.00] AndroidManifest.xml:31:13-35:29
90                <action android:name="MASUI.intent.action.SessionUnlock" />
90-->[com.ca:masui:2.1.00] AndroidManifest.xml:32:17-76
90-->[com.ca:masui:2.1.00] AndroidManifest.xml:32:25-73
91
92                <category android:name="android.intent.category.DEFAULT" />
92-->[com.ca:masui:2.1.00] AndroidManifest.xml:34:17-76
92-->[com.ca:masui:2.1.00] AndroidManifest.xml:34:27-73
93            </intent-filter>
94        </activity>
95        <activity android:name="net.openid.appauth.RedirectUriReceiverActivity" >
95-->[com.ca:masui:2.1.00] AndroidManifest.xml:37:9-56:20
95-->[com.ca:masui:2.1.00] AndroidManifest.xml:38:13-74
96            <intent-filter>
96-->[com.ca:masui:2.1.00] AndroidManifest.xml:40:13-47:29
97                <action android:name="android.intent.action.VIEW" />
97-->[com.ca:masui:2.1.00] AndroidManifest.xml:41:17-69
97-->[com.ca:masui:2.1.00] AndroidManifest.xml:41:25-66
98
99                <category android:name="android.intent.category.DEFAULT" />
99-->[com.ca:masui:2.1.00] AndroidManifest.xml:34:17-76
99-->[com.ca:masui:2.1.00] AndroidManifest.xml:34:27-73
100                <category android:name="android.intent.category.BROWSABLE" />
100-->[com.ca:masui:2.1.00] AndroidManifest.xml:44:17-78
100-->[com.ca:masui:2.1.00] AndroidManifest.xml:44:27-75
101
102                <data android:scheme="camsso" />
102-->[com.ca:masui:2.1.00] AndroidManifest.xml:46:17-49
102-->[com.ca:masui:2.1.00] AndroidManifest.xml:46:23-46
103            </intent-filter>
104            <intent-filter>
104-->[com.ca:masui:2.1.00] AndroidManifest.xml:48:13-55:29
105                <action android:name="android.intent.action.VIEW" />
105-->[com.ca:masui:2.1.00] AndroidManifest.xml:41:17-69
105-->[com.ca:masui:2.1.00] AndroidManifest.xml:41:25-66
106
107                <category android:name="android.intent.category.DEFAULT" />
107-->[com.ca:masui:2.1.00] AndroidManifest.xml:34:17-76
107-->[com.ca:masui:2.1.00] AndroidManifest.xml:34:27-73
108                <category android:name="android.intent.category.BROWSABLE" />
108-->[com.ca:masui:2.1.00] AndroidManifest.xml:44:17-78
108-->[com.ca:masui:2.1.00] AndroidManifest.xml:44:27-75
109
110                <data android:scheme="camssoras" />
110-->[com.ca:masui:2.1.00] AndroidManifest.xml:46:17-49
110-->[com.ca:masui:2.1.00] AndroidManifest.xml:46:23-46
111            </intent-filter>
112        </activity>
113        <activity
113-->[com.ca:masui:2.1.00] AndroidManifest.xml:57:9-60:72
114            android:name="com.ca.mas.ui.MASOAuthRedirectActivity"
114-->[com.ca:masui:2.1.00] AndroidManifest.xml:58:13-66
115            android:exported="false"
115-->[com.ca:masui:2.1.00] AndroidManifest.xml:59:13-37
116            android:theme="@style/Theme.AppCompat.Light.NoActionBar" />
116-->[com.ca:masui:2.1.00] AndroidManifest.xml:60:13-69
117        <activity
117-->[com.ca:masui:2.1.00] AndroidManifest.xml:61:9-63:60
118            android:name="com.ca.mas.ui.MASAppAuthRedirectHandlerActivity"
118-->[com.ca:masui:2.1.00] AndroidManifest.xml:62:13-75
119            android:theme="@style/Theme.AppCompat.Light" />
119-->[com.ca:masui:2.1.00] AndroidManifest.xml:63:13-57
120        <activity android:name="com.ca.mas.ui.MASFinishActivity" />
120-->[com.ca:masui:2.1.00] AndroidManifest.xml:64:9-68
120-->[com.ca:masui:2.1.00] AndroidManifest.xml:64:19-65
121        <activity
121-->[com.ca:masui:2.1.00] AndroidManifest.xml:65:9-69:60
122            android:name="com.ca.mas.ui.MASLoginActivity"
122-->[com.ca:masui:2.1.00] AndroidManifest.xml:66:13-58
123            android:exported="false"
123-->[com.ca:masui:2.1.00] AndroidManifest.xml:67:13-37
124            android:launchMode="singleTop"
124-->[com.ca:masui:2.1.00] AndroidManifest.xml:68:13-43
125            android:theme="@style/Theme.AppCompat.Light" />
125-->[com.ca:masui:2.1.00] AndroidManifest.xml:69:13-57
126        <activity
126-->[com.ca:masui:2.1.00] AndroidManifest.xml:70:9-74:67
127            android:name="com.ca.mas.ui.otp.MASOtpActivity"
127-->[com.ca:masui:2.1.00] AndroidManifest.xml:71:13-60
128            android:exported="false"
128-->[com.ca:masui:2.1.00] AndroidManifest.xml:72:13-37
129            android:launchMode="singleTop"
129-->[com.ca:masui:2.1.00] AndroidManifest.xml:73:13-43
130            android:theme="@style/Theme.AppCompat.Light.Dialog" />
130-->[com.ca:masui:2.1.00] AndroidManifest.xml:74:13-64
131
132        <service
132-->[com.ca:mas-foundation:2.1.00] AndroidManifest.xml:30:9-33:72
133            android:name="com.ca.mas.core.service.MssoService"
133-->[com.ca:mas-foundation:2.1.00] AndroidManifest.xml:31:13-63
134            android:exported="false"
134-->[com.ca:mas-foundation:2.1.00] AndroidManifest.xml:32:13-37
135            android:permission="android.permission.BIND_JOB_SERVICE" />
135-->[com.ca:mas-foundation:2.1.00] AndroidManifest.xml:33:13-69
136
137        <activity
137-->[net.openid:appauth:0.7.0] AndroidManifest.xml:27:9-31:75
138            android:name="net.openid.appauth.AuthorizationManagementActivity"
138-->[net.openid:appauth:0.7.0] AndroidManifest.xml:28:13-78
139            android:exported="false"
139-->[net.openid:appauth:0.7.0] AndroidManifest.xml:29:13-37
140            android:launchMode="singleTask"
140-->[net.openid:appauth:0.7.0] AndroidManifest.xml:30:13-44
141            android:theme="@android:style/Theme.Translucent.NoTitleBar" />
141-->[net.openid:appauth:0.7.0] AndroidManifest.xml:31:13-72
142    </application>
143
144</manifest>